{"/Users/weiliwang/Desktop/RNTraining/trackerApp/RNS-Tracker/src/App.tsx": {"path":"/Users/weiliwang/Desktop/RNTraining/trackerApp/RNS-Tracker/src/App.tsx","statementMap":{"0":{"start":{"line":5,"column":12},"end":{"line":11,"column":1}},"1":{"start":{"line":6,"column":2},"end":{"line":10,"column":4}}},"fnMap":{"0":{"name":"(anonymous_0)","decl":{"start":{"line":5,"column":12},"end":{"line":5,"column":13}},"loc":{"start":{"line":5,"column":32},"end":{"line":11,"column":1}},"line":5}},"branchMap":{},"s":{"0":0,"1":0},"f":{"0":0},"b":{}}
}
